<?xml version="1.0" encoding="UTF-8"?>
<!-- Generated by org.testng.reporters.JUnitReportReporter -->
<testsuite skipped="0" hostname="BLT035" name="com.cts.test.DownloadTest" tests="1" failures="0" timestamp="12 Mar 2020 07:00:30 GMT" time="27.688" errors="0">
  <testcase name="Initialization" time="27.688" classname="com.cts.test.DownloadTest"/>
</testsuite> <!-- com.cts.test.DownloadTest -->
